<?xml version="1.0" encoding="UTF-8"?>
<!-- Generated by org.testng.reporters.JUnitReportReporter -->
<testsuite hostname="VandanaLaptop" failures="0" tests="1" name="datadriven.DataHybridclg" time="19.214" errors="0" timestamp="2023-03-25T13:26:45 CDT" skipped="0">
  <testcase classname="datadriven.DataHybridclg" name="f" time="19.214"/>
  <system-out/>
</testsuite> <!-- datadriven.DataHybridclg -->
