<?xml version="1.0" encoding="UTF-8"?>
<!-- Generated by org.testng.reporters.JUnitReportReporter -->
<testsuite hostname="VandanaLaptop" failures="0" tests="1" name="testngvandna.Browser" time="9.903" errors="0" timestamp="2023-03-07T12:59:05 CST" skipped="0">
  <testcase classname="testngvandna.Browser" name="f" time="9.903"/>
  <system-out/>
</testsuite> <!-- testngvandna.Browser -->
