<?xml version="1.0" encoding="UTF-8"?>
<!-- Generated by org.testng.reporters.JUnitReportReporter -->
<testsuite hostname="VandanaLaptop" failures="0" tests="1" name="testngvandna.ScreenShot" time="13.152" errors="0" timestamp="2023-03-05T15:55:18 CST" skipped="0">
  <testcase classname="testngvandna.ScreenShot" name="f" time="13.152"/>
  <system-out/>
</testsuite> <!-- testngvandna.ScreenShot -->
