<?xml version="1.0" encoding="UTF-8"?>
<!-- Generated by org.testng.reporters.JUnitReportReporter -->
<testsuite hostname="VandanaLaptop" failures="0" tests="1" name="testngvandna.SoftAssertion" time="21.498" errors="0" timestamp="2023-03-18T14:48:48 CDT" skipped="0">
  <testcase classname="testngvandna.SoftAssertion" name="f" time="21.498"/>
  <system-out/>
</testsuite> <!-- testngvandna.SoftAssertion -->
