<?xml version="1.0" encoding="UTF-8"?>
<!-- Generated by org.testng.reporters.JUnitReportReporter -->
<testsuite hostname="VandanaLaptop" failures="0" tests="1" name="testngvandna.Collegeweekly" time="11.815" errors="0" timestamp="2023-03-25T10:11:26 CDT" skipped="0">
  <testcase classname="testngvandna.Collegeweekly" name="f" time="11.815"/>
  <system-out/>
</testsuite> <!-- testngvandna.Collegeweekly -->
