<?xml version="1.0" encoding="UTF-8"?>
<!-- Generated by org.testng.reporters.JUnitReportReporter -->
<testsuite hostname="VandanaLaptop" failures="0" tests="1" name="testngvandna.CrossBrowserSampleRun" time="1.013" errors="0" timestamp="2023-03-27T18:45:00 CDT" skipped="0">
  <testcase classname="testngvandna.CrossBrowserSampleRun" name="f" time="1.013"/>
  <system-out/>
</testsuite> <!-- testngvandna.CrossBrowserSampleRun -->
