<?xml version="1.0" encoding="UTF-8"?>
<!-- Generated by org.testng.reporters.JUnitReportReporter -->
<testsuite hostname="VandanaLaptop" failures="0" tests="1" name="testngvandna.CrossBrowserSampleRun" time="39.595" errors="0" timestamp="2023-03-22T23:35:56 CDT" skipped="0">
  <testcase classname="testngvandna.CrossBrowserSampleRun" name="f" time="39.595"/>
  <system-out/>
</testsuite> <!-- testngvandna.CrossBrowserSampleRun -->
