<?xml version="1.0" encoding="UTF-8"?>
<!-- Generated by org.testng.reporters.JUnitReportReporter -->
<testsuite hostname="VandanaLaptop" failures="0" tests="1" name="testngvandna.SoftAssertion" time="20.485" errors="0" timestamp="2023-03-08T18:42:19 CST" skipped="0">
  <testcase classname="testngvandna.SoftAssertion" name="f" time="20.485"/>
  <system-out/>
</testsuite> <!-- testngvandna.SoftAssertion -->
