<?xml version="1.0" encoding="UTF-8"?>
<!-- Generated by org.testng.reporters.JUnitReportReporter -->
<testsuite hostname="VandanaLaptop" failures="0" tests="3" name="testngvandna.CrossBrowserTesting" time="2.682" errors="0" timestamp="2023-03-08T00:10:23 CST" skipped="0">
  <testcase classname="testngvandna.CrossBrowserTesting" name="f" time="1.143"/>
  <system-out/>
  <testcase classname="testngvandna.CrossBrowserTesting" name="f" time="0.762"/>
  <system-out/>
  <testcase classname="testngvandna.CrossBrowserTesting" name="f" time="0.777"/>
  <system-out/>
</testsuite> <!-- testngvandna.CrossBrowserTesting -->
