<?xml version="1.0" encoding="UTF-8"?>
<!-- Generated by org.testng.reporters.JUnitReportReporter -->
<testsuite hostname="VandanaLaptop" failures="0" tests="1" name="testngvandna.CrossBrowserTesting12" time="4.053" errors="0" timestamp="2023-03-24T19:35:43 CDT" skipped="0">
  <testcase classname="testngvandna.CrossBrowserTesting12" name="f" time="4.053"/>
  <system-out/>
</testsuite> <!-- testngvandna.CrossBrowserTesting12 -->
