<?xml version="1.0" encoding="UTF-8"?>
<!-- Generated by org.testng.reporters.JUnitReportReporter -->
<testsuite hostname="VandanaLaptop" failures="0" tests="1" name="testngvandna.NewAssignment12" time="9.859" errors="0" timestamp="2023-03-22T23:35:56 CDT" skipped="0">
  <testcase classname="testngvandna.NewAssignment12" name="f" time="9.859"/>
  <system-out/>
</testsuite> <!-- testngvandna.NewAssignment12 -->
