<?xml version="1.0" encoding="UTF-8"?>
<!-- Generated by org.testng.reporters.JUnitReportReporter -->
<testsuite hostname="VandanaLaptop" failures="0" tests="1" name="datadriven.Collegeweekly" time="7.363" errors="0" timestamp="2023-03-26T13:35:30 CDT" skipped="0">
  <testcase classname="datadriven.Collegeweekly" name="test" time="7.363"/>
  <system-out/>
</testsuite> <!-- datadriven.Collegeweekly -->
