<?xml version="1.0" encoding="UTF-8"?>
<!-- Generated by org.testng.reporters.JUnitReportReporter -->
<testsuite hostname="VandanaLaptop" failures="0" tests="1" name="testngvandna.CrossBrowserTesting12" time="3.701" errors="0" timestamp="2023-03-26T13:35:30 CDT" skipped="0">
  <testcase classname="testngvandna.CrossBrowserTesting12" name="f" time="3.701"/>
  <system-out/>
</testsuite> <!-- testngvandna.CrossBrowserTesting12 -->
