<?xml version="1.0" encoding="UTF-8"?>
<!-- Generated by org.testng.reporters.JUnitReportReporter -->
<testsuite hostname="VandanaLaptop" failures="0" tests="1" name="testngvandna.Navigational" time="22.507" errors="0" timestamp="2023-03-05T15:27:23 CST" skipped="0">
  <testcase classname="testngvandna.Navigational" name="Navigation" time="22.507"/>
  <system-out/>
</testsuite> <!-- testngvandna.Navigational -->
