<?xml version="1.0" encoding="UTF-8"?>
<!-- Generated by org.testng.reporters.JUnitReportReporter -->
<testsuite hostname="VandanaLaptop" failures="0" tests="1" name="testngvandna.AnnotationTest" time="0.004" errors="0" timestamp="2023-03-17T21:31:33 CDT" skipped="0">
  <testcase classname="testngvandna.AnnotationTest" name="f" time="0.004"/>
  <system-out/>
</testsuite> <!-- testngvandna.AnnotationTest -->
