<?xml version="1.0" encoding="UTF-8"?>
<!-- Generated by org.testng.reporters.JUnitReportReporter -->
<testsuite hostname="VandanaLaptop" failures="0" tests="1" name="testngvandna.NewTest" time="0.004" errors="0" timestamp="2023-03-17T22:49:08 CDT" skipped="0">
  <testcase classname="testngvandna.NewTest" name="f" time="0.004"/>
  <system-out/>
</testsuite> <!-- testngvandna.NewTest -->
