<?xml version="1.0" encoding="UTF-8"?>
<!-- Generated by org.testng.reporters.JUnitReportReporter -->
<testsuite hostname="VandanaLaptop" failures="0" tests="1" name="testng.FB_login" time="6.269" errors="0" timestamp="2023-02-27T15:20:09 CST" skipped="0">
  <testcase classname="testng.FB_login" name="facebook" time="6.269"/>
  <system-out/>
</testsuite> <!-- testng.FB_login -->
