<?xml version="1.0" encoding="UTF-8"?>
<!-- Generated by org.testng.reporters.JUnitReportReporter -->
<testsuite hostname="VandanaLaptop" failures="0" tests="1" name="testngvandna.NewTest12" time="10.791" errors="0" timestamp="2023-03-22T22:24:16 CDT" skipped="0">
  <testcase classname="testngvandna.NewTest12" name="f" time="10.791"/>
  <system-out/>
</testsuite> <!-- testngvandna.NewTest12 -->
