<?xml version="1.0" encoding="UTF-8"?>
<!-- Generated by org.testng.reporters.JUnitReportReporter -->
<testsuite hostname="VandanaLaptop" failures="0" tests="1" name="testngvandna.NewTestVandna" time="0.010" errors="0" timestamp="2023-03-01T22:31:46 CST" skipped="0">
  <testcase classname="testngvandna.NewTestVandna" name="NewTest" time="0.010"/>
  <system-out/>
</testsuite> <!-- testngvandna.NewTestVandna -->
