<?xml version="1.0" encoding="UTF-8"?>
<!-- Generated by org.testng.reporters.JUnitReportReporter -->
<testsuite hostname="VandanaLaptop" failures="0" tests="1" name="testngvandna.Collegeweekly" time="7.786" errors="0" timestamp="2023-03-01T22:19:17 CST" skipped="0">
  <testcase classname="testngvandna.Collegeweekly" name="f" time="7.786"/>
  <system-out/>
</testsuite> <!-- testngvandna.Collegeweekly -->
