<?xml version="1.0" encoding="UTF-8"?>
<!-- Generated by org.testng.reporters.JUnitReportReporter -->
<testsuite hostname="VandanaLaptop" failures="0" tests="1" name="testng.FB_login1" time="2.106" errors="0" timestamp="2023-02-23T19:33:24 CST" skipped="0">
  <testcase classname="testng.FB_login1" name="facebook" time="2.106"/>
  <system-out/>
</testsuite> <!-- testng.FB_login1 -->
