<?xml version="1.0" encoding="UTF-8"?>
<!-- Generated by org.testng.reporters.JUnitReportReporter -->
<testsuite hostname="VandanaLaptop" failures="0" tests="1" name="datadriven.Collegeweekly" time="6.480" errors="0" timestamp="2023-03-27T18:45:00 CDT" skipped="0">
  <testcase classname="datadriven.Collegeweekly" name="test" time="6.480"/>
  <system-out/>
</testsuite> <!-- datadriven.Collegeweekly -->
