<?xml version="1.0" encoding="UTF-8"?>
<!-- Generated by org.testng.reporters.JUnitReportReporter -->
<testsuite hostname="VandanaLaptop" failures="0" tests="1" name="testngvandna.collgeweeksampleTest" time="11.750" errors="0" timestamp="2023-03-27T18:45:00 CDT" skipped="0">
  <testcase classname="testngvandna.collgeweeksampleTest" name="f" time="11.750"/>
  <system-out/>
</testsuite> <!-- testngvandna.collgeweeksampleTest -->
