<?xml version="1.0" encoding="UTF-8"?>
<!-- Generated by org.testng.reporters.JUnitReportReporter -->
<testsuite hostname="VandanaLaptop" failures="0" tests="1" name="testngvandna.ScreenShot" time="7.920" errors="0" timestamp="2023-03-03T01:15:48 CST" skipped="0">
  <testcase classname="testngvandna.ScreenShot" name="f" time="7.920"/>
  <system-out/>
</testsuite> <!-- testngvandna.ScreenShot -->
