<?xml version="1.0" encoding="UTF-8"?>
<!-- Generated by org.testng.reporters.JUnitReportReporter -->
<testsuite hostname="VandanaLaptop" failures="0" tests="1" name="testngvandna.NewAssignment12" time="9.262" errors="0" timestamp="2023-03-27T18:45:00 CDT" skipped="0">
  <testcase classname="testngvandna.NewAssignment12" name="f" time="9.262"/>
  <system-out/>
</testsuite> <!-- testngvandna.NewAssignment12 -->
