<?xml version="1.0" encoding="UTF-8"?>
<!-- Generated by org.testng.reporters.JUnitReportReporter -->
<testsuite hostname="VandanaLaptop" failures="0" tests="1" name="testngvandna.collgeweeksampleTest" time="12.043" errors="0" timestamp="2023-03-24T19:35:43 CDT" skipped="0">
  <testcase classname="testngvandna.collgeweeksampleTest" name="f" time="12.043"/>
  <system-out/>
</testsuite> <!-- testngvandna.collgeweeksampleTest -->
