<?xml version="1.0" encoding="UTF-8"?>
<!-- Generated by org.testng.reporters.JUnitReportReporter -->
<testsuite hostname="VandanaLaptop" failures="0" tests="1" name="testngvandna.CrossBrowserSampleRun" time="1.169" errors="0" timestamp="2023-03-24T19:35:43 CDT" skipped="0">
  <testcase classname="testngvandna.CrossBrowserSampleRun" name="f" time="1.169"/>
  <system-out/>
</testsuite> <!-- testngvandna.CrossBrowserSampleRun -->
