<?xml version="1.0" encoding="UTF-8"?>
<!-- Generated by org.testng.reporters.JUnitReportReporter -->
<testsuite hostname="VandanaLaptop" failures="0" tests="1" name="testng.SampleTest" time="9.088" errors="0" timestamp="2023-02-24T19:48:54 CST" skipped="0">
  <testcase classname="testng.SampleTest" name="firstTest" time="9.088"/>
  <system-out/>
</testsuite> <!-- testng.SampleTest -->
