<?xml version="1.0" encoding="UTF-8"?>
<!-- Generated by org.testng.reporters.JUnitReportReporter -->
<testsuite hostname="VandanaLaptop" failures="0" tests="1" name="testngvandna.collgeweeksampleTest" time="11.459" errors="0" timestamp="2023-03-22T23:35:56 CDT" skipped="0">
  <testcase classname="testngvandna.collgeweeksampleTest" name="f" time="11.459"/>
  <system-out/>
</testsuite> <!-- testngvandna.collgeweeksampleTest -->
