<?xml version="1.0" encoding="UTF-8"?>
<!-- Generated by org.testng.reporters.JUnitReportReporter -->
<testsuite hostname="VandanaLaptop" failures="0" tests="3" name="testngvandna.CrossBrowserSampleRun" time="3.739" errors="0" timestamp="2023-03-08T11:32:15 CST" skipped="0">
  <testcase classname="testngvandna.CrossBrowserSampleRun" name="f" time="1.467"/>
  <system-out/>
  <testcase classname="testngvandna.CrossBrowserSampleRun" name="f" time="1.024"/>
  <system-out/>
  <testcase classname="testngvandna.CrossBrowserSampleRun" name="f" time="1.248"/>
  <system-out/>
</testsuite> <!-- testngvandna.CrossBrowserSampleRun -->
