<?xml version="1.0" encoding="UTF-8"?>
<!-- Generated by org.testng.reporters.JUnitReportReporter -->
<testsuite hostname="VandanaLaptop" failures="0" tests="1" name="testng.AlertHAndle" time="11.772" errors="0" timestamp="2023-03-01T21:54:15 CST" skipped="0">
  <testcase classname="testng.AlertHAndle" name="AlertHAndle" time="11.772"/>
  <system-out/>
</testsuite> <!-- testng.AlertHAndle -->
