<?xml version="1.0" encoding="UTF-8"?>
<!-- Generated by org.testng.reporters.JUnitReportReporter -->
<testsuite hostname="VandanaLaptop" failures="0" tests="3" name="testngvandna.collgeweeksampleTest" time="32.857" errors="0" timestamp="2023-03-08T11:32:15 CST" skipped="0">
  <testcase classname="testngvandna.collgeweeksampleTest" name="f" time="10.700"/>
  <system-out/>
  <testcase classname="testngvandna.collgeweeksampleTest" name="f" time="11.382"/>
  <system-out/>
  <testcase classname="testngvandna.collgeweeksampleTest" name="f" time="10.775"/>
  <system-out/>
</testsuite> <!-- testngvandna.collgeweeksampleTest -->
