<?xml version="1.0" encoding="UTF-8"?>
<!-- Generated by org.testng.reporters.JUnitReportReporter -->
<testsuite hostname="VandanaLaptop" failures="0" tests="1" name="testngvandna.AnnotationTest" time="0.006" errors="0" timestamp="2023-03-06T22:34:19 CST" skipped="0">
  <testcase classname="testngvandna.AnnotationTest" name="f" time="0.006"/>
  <system-out/>
</testsuite> <!-- testngvandna.AnnotationTest -->
