<?xml version="1.0" encoding="UTF-8"?>
<!-- Generated by org.testng.reporters.JUnitReportReporter -->
<testsuite hostname="VandanaLaptop" failures="0" tests="1" name="testng.FBLogin" time="2.656" errors="0" timestamp="2023-03-01T21:57:30 CST" skipped="0">
  <testcase classname="testng.FBLogin" name="facebook" time="2.656"/>
  <system-out/>
</testsuite> <!-- testng.FBLogin -->
