<?xml version="1.0" encoding="UTF-8"?>
<!-- Generated by org.testng.reporters.JUnitReportReporter -->
<testsuite hostname="VandanaLaptop" failures="0" tests="1" name="datadriven.Collegeweekly" time="8.013" errors="0" timestamp="2023-03-25T14:07:55 CDT" skipped="0">
  <testcase classname="datadriven.Collegeweekly" name="test" time="8.013"/>
  <system-out/>
</testsuite> <!-- datadriven.Collegeweekly -->
