<?xml version="1.0" encoding="UTF-8"?>
<!-- Generated by org.testng.reporters.JUnitReportReporter -->
<testsuite hostname="VandanaLaptop" failures="0" tests="1" name="testngvandna.Navigational" time="22.948" errors="0" timestamp="2023-03-01T22:08:03 CST" skipped="0">
  <testcase classname="testngvandna.Navigational" name="Navigation" time="22.948"/>
  <system-out/>
</testsuite> <!-- testngvandna.Navigational -->
