<?xml version="1.0" encoding="UTF-8"?>
<!-- Generated by org.testng.reporters.JUnitReportReporter -->
<testsuite hostname="VandanaLaptop" failures="0" tests="1" name="testngvandna.Assertion" time="17.500" errors="0" timestamp="2023-03-02T23:26:37 CST" skipped="0">
  <testcase classname="testngvandna.Assertion" name="Assertion" time="17.500"/>
  <system-out/>
</testsuite> <!-- testngvandna.Assertion -->
