<?xml version="1.0" encoding="UTF-8"?>
<!-- Generated by org.testng.reporters.JUnitReportReporter -->
<testsuite hostname="VandanaLaptop" failures="0" tests="1" name="testngvandna.Collegeweekly" time="8.289" errors="0" timestamp="2023-03-01T22:06:56 CST" skipped="0">
  <testcase classname="testngvandna.Collegeweekly" name="f" time="8.289"/>
  <system-out/>
</testsuite> <!-- testngvandna.Collegeweekly -->
