<?xml version="1.0" encoding="UTF-8"?>
<!-- Generated by org.testng.reporters.JUnitReportReporter -->
<testsuite hostname="VandanaLaptop" failures="0" tests="4" name="testngvandna.Annotations" time="0.014" errors="0" timestamp="2023-03-06T22:21:19 CST" skipped="0">
  <testcase classname="testngvandna.Annotations" name="F" time="0.002"/>
  <system-out/>
  <testcase classname="testngvandna.Annotations" name="K" time="0.001"/>
  <system-out/>
  <testcase classname="testngvandna.Annotations" name="B" time="0.002"/>
  <system-out/>
  <testcase classname="testngvandna.Annotations" name="A" time="0.009"/>
  <system-out/>
</testsuite> <!-- testngvandna.Annotations -->
