<?xml version="1.0" encoding="UTF-8"?>
<!-- Generated by org.testng.reporters.JUnitReportReporter -->
<testsuite hostname="VandanaLaptop" failures="0" tests="1" name="testng.Annotation" time="0.006" errors="0" timestamp="2023-02-27T15:14:03 CST" skipped="0">
  <testcase classname="testng.Annotation" name="firstTest" time="0.006"/>
  <system-out/>
</testsuite> <!-- testng.Annotation -->
