<?xml version="1.0" encoding="UTF-8"?>
<!-- Generated by org.testng.reporters.JUnitReportReporter -->
<testsuite hostname="VandanaLaptop" failures="0" tests="4" name="testngvandna.Priority" time="0.012" errors="0" timestamp="2023-03-06T22:28:12 CST" skipped="0">
  <testcase classname="testngvandna.Priority" name="Tc_03" time="0.001"/>
  <system-out/>
  <testcase classname="testngvandna.Priority" name="Tc_04" time="0.001"/>
  <system-out/>
  <testcase classname="testngvandna.Priority" name="Tc_02" time="0.001"/>
  <system-out/>
  <testcase classname="testngvandna.Priority" name="Tc_01" time="0.009"/>
  <system-out/>
</testsuite> <!-- testngvandna.Priority -->
